Build started 04.11.2017 15:14:04.
     1>Project "C:\Users\Anastasia\Desktop\МГТУ\2 год\C++\Projects\lab21_ver1\lab21_ver1\lab21_ver1.vcxproj" on node 2 (Build target(s)).
     1>ClCompile:
         C:\Program Files (x86)\Microsoft Visual Studio 12.0\VC\bin\CL.exe /c /ZI /nologo /W3 /WX- /sdl /Od /Oy- /D WIN32 /D _DEBUG /D _CONSOLE /D _LIB /D _UNICODE /D UNICODE /Gm /EHsc /RTC1 /MDd /GS /fp:precise /Zc:wchar_t /Zc:forScope /Yu"stdafx.h" /Fp"Debug\lab21_ver1.pch" /Fo"Debug\\" /Fd"Debug\vc120.pdb" /Gd /TP /analyze- /errorReport:prompt lab21_ver1.cpp
         lab21_ver1.cpp
     1>c:\users\anastasia\desktop\мгту\2 год\c++\projects\lab21_ver1\lab21_ver1\lab21_ver1.cpp(3): warning C4627: '#include <iostream>': skipped when looking for precompiled header use
                 Add directive to 'stdafx.h' or rebuild precompiled header
     1>c:\users\anastasia\desktop\мгту\2 год\c++\projects\lab21_ver1\lab21_ver1\lab21_ver1.cpp(4): warning C4627: '#include <ctime>': skipped when looking for precompiled header use
                 Add directive to 'stdafx.h' or rebuild precompiled header
     1>c:\users\anastasia\desktop\мгту\2 год\c++\projects\lab21_ver1\lab21_ver1\lab21_ver1.cpp(5): warning C4627: '#include <cstdlib>': skipped when looking for precompiled header use
                 Add directive to 'stdafx.h' or rebuild precompiled header
     1>c:\users\anastasia\desktop\мгту\2 год\c++\projects\lab21_ver1\lab21_ver1\lab21_ver1.cpp(6): warning C4627: '#include <iomanip>': skipped when looking for precompiled header use
                 Add directive to 'stdafx.h' or rebuild precompiled header
     1>c:\users\anastasia\desktop\мгту\2 год\c++\projects\lab21_ver1\lab21_ver1\lab21_ver1.cpp(55): fatal error C1010: unexpected end of file while looking for precompiled header. Did you forget to add '#include "stdafx.h"' to your source?
     1>Done Building Project "C:\Users\Anastasia\Desktop\МГТУ\2 год\C++\Projects\lab21_ver1\lab21_ver1\lab21_ver1.vcxproj" (Build target(s)) -- FAILED.

Build FAILED.

Time Elapsed 00:00:04.98
